<?xml version="1.0" encoding="UTF-8"?>
<testsuite xmlns:xsi="http://www.w3.org/2001/XMLSchema-instance" xsi:noNamespaceSchemaLocation="https://maven.apache.org/surefire/maven-surefire-plugin/xsd/surefire-test-report-3.0.xsd" version="3.0" name="com.acme.basic.HelloWorldTest" time="0.041" tests="1" errors="0" skipped="0" failures="0">
  <properties>
    <property name="sonar.projectName" value="maven-basic"/>
    <property name="java.specification.version" value="17"/>
    <property name="sonar.host.url" value="http://localhost:9000"/>
    <property name="sun.jnu.encoding" value="UTF-8"/>
    <property name="java.class.path" value="/home/Luis.RodriguezFernandez/playground/development_projects/sonar-scanning-examples/sonar-scanner-maven/maven-basic/target/test-classes:/home/Luis.RodriguezFernandez/playground/development_projects/sonar-scanning-examples/sonar-scanner-maven/maven-basic/target/classes:/home/Luis.RodriguezFernandez/.m2/repository/com/google/guava/guava/32.1.1-jre/guava-32.1.1-jre.jar:/home/Luis.RodriguezFernandez/.m2/repository/com/google/guava/failureaccess/1.0.1/failureaccess-1.0.1.jar:/home/Luis.RodriguezFernandez/.m2/repository/com/google/guava/listenablefuture/9999.0-empty-to-avoid-conflict-with-guava/listenablefuture-9999.0-empty-to-avoid-conflict-with-guava.jar:/home/Luis.RodriguezFernandez/.m2/repository/com/google/code/findbugs/jsr305/3.0.2/jsr305-3.0.2.jar:/home/Luis.RodriguezFernandez/.m2/repository/org/checkerframework/checker-qual/3.33.0/checker-qual-3.33.0.jar:/home/Luis.RodriguezFernandez/.m2/repository/com/google/errorprone/error_prone_annotations/2.18.0/error_prone_annotations-2.18.0.jar:/home/Luis.RodriguezFernandez/.m2/repository/com/google/j2objc/j2objc-annotations/2.8/j2objc-annotations-2.8.jar:/home/Luis.RodriguezFernandez/.m2/repository/junit/junit/4.13.1/junit-4.13.1.jar:/home/Luis.RodriguezFernandez/.m2/repository/org/hamcrest/hamcrest-core/1.3/hamcrest-core-1.3.jar:"/>
    <property name="java.vm.vendor" value="Eclipse Adoptium"/>
    <property name="sun.arch.data.model" value="64"/>
    <property name="java.vendor.url" value="https://adoptium.net/"/>
    <property name="os.name" value="Linux"/>
    <property name="java.vm.specification.version" value="17"/>
    <property name="sun.java.launcher" value="SUN_STANDARD"/>
    <property name="user.country" value="US"/>
    <property name="sun.boot.library.path" value="/home/Luis.RodriguezFernandez/playground/java/jdk-17.0.14+7/lib"/>
    <property name="sun.java.command" value="/home/Luis.RodriguezFernandez/playground/development_projects/sonar-scanning-examples/sonar-scanner-maven/maven-basic/target/surefire/surefirebooter-20250319181228403_3.jar /home/Luis.RodriguezFernandez/playground/development_projects/sonar-scanning-examples/sonar-scanner-maven/maven-basic/target/surefire 2025-03-19T18-12-28_328-jvmRun1 surefire-20250319181228403_1tmp surefire_0-20250319181228403_2tmp"/>
    <property name="jdk.debug" value="release"/>
    <property name="surefire.test.class.path" value="/home/Luis.RodriguezFernandez/playground/development_projects/sonar-scanning-examples/sonar-scanner-maven/maven-basic/target/test-classes:/home/Luis.RodriguezFernandez/playground/development_projects/sonar-scanning-examples/sonar-scanner-maven/maven-basic/target/classes:/home/Luis.RodriguezFernandez/.m2/repository/com/google/guava/guava/32.1.1-jre/guava-32.1.1-jre.jar:/home/Luis.RodriguezFernandez/.m2/repository/com/google/guava/failureaccess/1.0.1/failureaccess-1.0.1.jar:/home/Luis.RodriguezFernandez/.m2/repository/com/google/guava/listenablefuture/9999.0-empty-to-avoid-conflict-with-guava/listenablefuture-9999.0-empty-to-avoid-conflict-with-guava.jar:/home/Luis.RodriguezFernandez/.m2/repository/com/google/code/findbugs/jsr305/3.0.2/jsr305-3.0.2.jar:/home/Luis.RodriguezFernandez/.m2/repository/org/checkerframework/checker-qual/3.33.0/checker-qual-3.33.0.jar:/home/Luis.RodriguezFernandez/.m2/repository/com/google/errorprone/error_prone_annotations/2.18.0/error_prone_annotations-2.18.0.jar:/home/Luis.RodriguezFernandez/.m2/repository/com/google/j2objc/j2objc-annotations/2.8/j2objc-annotations-2.8.jar:/home/Luis.RodriguezFernandez/.m2/repository/junit/junit/4.13.1/junit-4.13.1.jar:/home/Luis.RodriguezFernandez/.m2/repository/org/hamcrest/hamcrest-core/1.3/hamcrest-core-1.3.jar:"/>
    <property name="sun.cpu.endian" value="little"/>
    <property name="user.home" value="/home/Luis.RodriguezFernandez"/>
    <property name="user.language" value="en"/>
    <property name="java.specification.vendor" value="Oracle Corporation"/>
    <property name="java.version.date" value="2025-01-21"/>
    <property name="java.home" value="/home/Luis.RodriguezFernandez/playground/java/jdk-17.0.14+7"/>
    <property name="file.separator" value="/"/>
    <property name="basedir" value="/home/Luis.RodriguezFernandez/playground/development_projects/sonar-scanning-examples/sonar-scanner-maven/maven-basic"/>
    <property name="java.vm.compressedOopsMode" value="Zero based"/>
    <property name="line.separator" value="&#10;"/>
    <property name="java.vm.specification.vendor" value="Oracle Corporation"/>
    <property name="java.specification.name" value="Java Platform API Specification"/>
    <property name="surefire.real.class.path" value="/home/Luis.RodriguezFernandez/playground/development_projects/sonar-scanning-examples/sonar-scanner-maven/maven-basic/target/surefire/surefirebooter-20250319181228403_3.jar"/>
    <property name="sun.management.compiler" value="HotSpot 64-Bit Tiered Compilers"/>
    <property name="java.runtime.version" value="17.0.14+7"/>
    <property name="user.name" value="Luis.RodriguezFernandez"/>
    <property name="path.separator" value=":"/>
    <property name="os.version" value="6.8.0-52-generic"/>
    <property name="java.runtime.name" value="OpenJDK Runtime Environment"/>
    <property name="file.encoding" value="UTF-8"/>
    <property name="java.vm.name" value="OpenJDK 64-Bit Server VM"/>
    <property name="java.vendor.version" value="Temurin-17.0.14+7"/>
    <property name="localRepository" value="/home/Luis.RodriguezFernandez/.m2/repository"/>
    <property name="java.vendor.url.bug" value="https://github.com/adoptium/adoptium-support/issues"/>
    <property name="java.io.tmpdir" value="/tmp"/>
    <property name="sonar.token" value="sqp_d6a990c81f91f7cb1ea836eab15778761ae2e516"/>
    <property name="java.version" value="17.0.14"/>
    <property name="user.dir" value="/home/Luis.RodriguezFernandez/playground/development_projects/sonar-scanning-examples/sonar-scanner-maven/maven-basic"/>
    <property name="os.arch" value="amd64"/>
    <property name="java.vm.specification.name" value="Java Virtual Machine Specification"/>
    <property name="native.encoding" value="UTF-8"/>
    <property name="sonar.projectKey" value="maven-basic"/>
    <property name="java.library.path" value="/usr/java/packages/lib:/usr/lib64:/lib64:/lib:/usr/lib"/>
    <property name="java.vm.info" value="mixed mode, sharing"/>
    <property name="java.vendor" value="Eclipse Adoptium"/>
    <property name="java.vm.version" value="17.0.14+7"/>
    <property name="java.specification.maintenance.version" value="1"/>
    <property name="sun.io.unicode.encoding" value="UnicodeLittle"/>
    <property name="java.class.version" value="61.0"/>
  </properties>
  <testcase name="sayHello" classname="com.acme.basic.HelloWorldTest" time="0.007">
    <system-out><![CDATA[Hello World!
]]></system-out>
  </testcase>
</testsuite>